C:\Librerias\Build\libs\osgearth-trunk\include\osgEarth\URI(170) : Warning 314: 'base' is a C# keyword, renaming to '_base'
C:\Librerias\Build\libs\osgearth-trunk\include\osgEarth\Units(263) : Warning 314: 'as' is a C# keyword, renaming to '_as'
C:\Librerias\Build\libs\osgearth-trunk\include\osgEarth\TerrainEngineNode(350) : Warning 302: Identifier 'TerrainDecorator' redefined (ignored),
swig\osgEarth-2.6\osgEarth\osgEarth.i(416) : Warning 302: previous definition of 'TerrainDecorator'.
C:\Librerias\Build\libs\osgearth-trunk\include\osgEarthSymbology\Color(73) : Warning 314: 'as' is a C# keyword, renaming to '_as'
C:\Librerias\Build\libs\osgearth-trunk\include\osgEarth\URI(367) : Warning 401: Nothing known about base class 'LRUCache< URI,ReadResult >'. Ignored.
C:\Librerias\Build\libs\osgearth-trunk\include\osgEarth\URI(367) : Warning 401: Maybe you forgot to instantiate 'LRUCache< URI,ReadResult >' using %template.
C:\Librerias\Build\libs\osgearth-trunk\include\osgEarth\Units(292) : Warning 401: Nothing known about base class 'qualified_double< Distance >'. Ignored.
C:\Librerias\Build\libs\osgearth-trunk\include\osgEarth\Units(292) : Warning 401: Maybe you forgot to instantiate 'qualified_double< Distance >' using %template.
C:\Librerias\Build\libs\osgearth-trunk\include\osgEarth\Units(301) : Warning 401: Nothing known about base class 'qualified_double< Angle >'. Ignored.
C:\Librerias\Build\libs\osgearth-trunk\include\osgEarth\Units(301) : Warning 401: Maybe you forgot to instantiate 'qualified_double< Angle >' using %template.
C:\Librerias\Build\libs\osgearth-trunk\include\osgEarth\Units(314) : Warning 401: Nothing known about base class 'qualified_double< Duration >'. Ignored.
C:\Librerias\Build\libs\osgearth-trunk\include\osgEarth\Units(314) : Warning 401: Maybe you forgot to instantiate 'qualified_double< Duration >' using %template.
C:\Librerias\Build\libs\osgearth-trunk\include\osgEarth\Units(323) : Warning 401: Nothing known about base class 'qualified_double< Speed >'. Ignored.
C:\Librerias\Build\libs\osgearth-trunk\include\osgEarth\Units(323) : Warning 401: Maybe you forgot to instantiate 'qualified_double< Speed >' using %template.
C:\Librerias\Build\libs\osgearth-trunk\include\osgEarth\Units(331) : Warning 401: Nothing known about base class 'qualified_double< ScreenSize >'. Ignored.
C:\Librerias\Build\libs\osgearth-trunk\include\osgEarth\Units(331) : Warning 401: Maybe you forgot to instantiate 'qualified_double< ScreenSize >' using %template.
C:\Librerias\Build\libs\osgearth-trunk\include\osgEarth\ElevationLayer(169) : Warning 401: Base class 'osg::MixinVector< osg::ref_ptr< ElevationLayer > >' undefined.
swig\osgEarth-2.6\osgEarth\osgEarth.i(338) : Warning 401: 'osg::MixinVector< osg::ref_ptr< ElevationLayer > >' must be defined before it is used as a base class.
C:\Librerias\Build\libs\osgearth-trunk\include\osgEarth\MaskSource(60) : Warning 401: Nothing known about base class 'Revisioned'. Ignored.
C:\Librerias\Build\libs\osgearth-trunk\include\osgEarth\ModelSource(84) : Warning 401: Nothing known about base class 'Revisioned'. Ignored.
C:\Librerias\Build\libs\osgearth-trunk\include\osgEarth\TerrainEngineNode(104) : Warning 401: Nothing known about base class 'TerrainEngineRequirements'. Ignored.
C:\Librerias\Build\libs\osgearth-trunk\include\osgEarthSymbology\Resource(34) : Warning 401: Nothing known about base class 'Taggable< osg::Object >'. Ignored.
C:\Librerias\Build\libs\osgearth-trunk\include\osgEarthSymbology\Resource(34) : Warning 401: Maybe you forgot to instantiate 'Taggable< osg::Object >' using %template.
swig\globals.i(245) : Warning 453: Can't apply (char &INOUT). No typemaps are defined.
