C:\Librerias\Build\libs\osgearth-trunk\include\osgEarth\URI(170) : Warning 314: 'base' is a C# keyword, renaming to '_base'
C:\Librerias\Build\libs\osgearth-trunk\include\osgEarth\Units(263) : Warning 314: 'as' is a C# keyword, renaming to '_as'
C:\Librerias\Build\libs\osgearth-trunk\include\osgEarth\TerrainEngineNode(350) : Warning 302: Identifier 'TerrainDecorator' redefined (ignored),
swig\osgEarth-2.6\osgEarth\osgEarth.i(416) : Warning 302: previous definition of 'TerrainDecorator'.
C:\Librerias\Build\libs\osgearth-trunk\include\osgEarth\URI(367) : Warning 401: Nothing known about base class 'LRUCache< URI,ReadResult >'. Ignored.
C:\Librerias\Build\libs\osgearth-trunk\include\osgEarth\URI(367) : Warning 401: Maybe you forgot to instantiate 'LRUCache< URI,ReadResult >' using %template.
C:\Librerias\Build\libs\osgearth-trunk\include\osgEarth\Units(292) : Warning 401: Nothing known about base class 'qualified_double< Distance >'. Ignored.
C:\Librerias\Build\libs\osgearth-trunk\include\osgEarth\Units(292) : Warning 401: Maybe you forgot to instantiate 'qualified_double< Distance >' using %template.
C:\Librerias\Build\libs\osgearth-trunk\include\osgEarth\Units(301) : Warning 401: Nothing known about base class 'qualified_double< Angle >'. Ignored.
C:\Librerias\Build\libs\osgearth-trunk\include\osgEarth\Units(301) : Warning 401: Maybe you forgot to instantiate 'qualified_double< Angle >' using %template.
C:\Librerias\Build\libs\osgearth-trunk\include\osgEarth\Units(314) : Warning 401: Nothing known about base class 'qualified_double< Duration >'. Ignored.
C:\Librerias\Build\libs\osgearth-trunk\include\osgEarth\Units(314) : Warning 401: Maybe you forgot to instantiate 'qualified_double< Duration >' using %template.
C:\Librerias\Build\libs\osgearth-trunk\include\osgEarth\Units(323) : Warning 401: Nothing known about base class 'qualified_double< Speed >'. Ignored.
C:\Librerias\Build\libs\osgearth-trunk\include\osgEarth\Units(323) : Warning 401: Maybe you forgot to instantiate 'qualified_double< Speed >' using %template.
C:\Librerias\Build\libs\osgearth-trunk\include\osgEarth\Units(331) : Warning 401: Nothing known about base class 'qualified_double< ScreenSize >'. Ignored.
C:\Librerias\Build\libs\osgearth-trunk\include\osgEarth\Units(331) : Warning 401: Maybe you forgot to instantiate 'qualified_double< ScreenSize >' using %template.
C:\Librerias\Build\libs\osgearth-trunk\include\osgEarth\ElevationLayer(169) : Warning 401: Base class 'osg::MixinVector< osg::ref_ptr< ElevationLayer > >' undefined.
swig\osgEarth-2.6\osgEarth\osgEarth.i(338) : Warning 401: 'osg::MixinVector< osg::ref_ptr< ElevationLayer > >' must be defined before it is used as a base class.
C:\Librerias\Build\libs\osgearth-trunk\include\osgEarth\MaskSource(60) : Warning 401: Nothing known about base class 'Revisioned'. Ignored.
C:\Librerias\Build\libs\osgearth-trunk\include\osgEarth\ModelSource(84) : Warning 401: Nothing known about base class 'Revisioned'. Ignored.
C:\Librerias\Build\libs\osgearth-trunk\include\osgEarth\TerrainEngineNode(104) : Warning 401: Nothing known about base class 'TerrainEngineRequirements'. Ignored.
swig\globals.i(245) : Warning 453: Can't apply (char &INOUT). No typemaps are defined.
C:\Librerias\Build\libs\osgearth-trunk\include\osgEarth\URI(110) : Warning 503: Can't wrap 'operator std::istream&' unless renamed to a valid identifier.
C:\Librerias\Build\libs\osgearth-trunk\include\osgEarth\URI(247) : Warning 503: Can't wrap 'operator ==' unless renamed to a valid identifier.
C:\Librerias\Build\libs\osgearth-trunk\include\osgEarth\URI(249) : Warning 503: Can't wrap 'operator !=' unless renamed to a valid identifier.
C:\Librerias\Build\libs\osgearth-trunk\include\osgEarth\URI(394) : Warning 503: Can't wrap 'operator ()' unless renamed to a valid identifier.
C:\Librerias\Build\libs\osgearth-trunk\include\osgEarth\Config(432) : Warning 503: Can't wrap 'operator -' unless renamed to a valid identifier.
C:\Librerias\Build\libs\osgearth-trunk\include\osgEarth\Units(137) : Warning 503: Can't wrap 'operator ==' unless renamed to a valid identifier.
C:\Librerias\Build\libs\osgearth-trunk\include\osgEarth\Units(140) : Warning 503: Can't wrap 'operator !=' unless renamed to a valid identifier.
hack\osgEarth-2.6\osgEarth\Containers(411) : Warning 503: Can't wrap 'operator []' unless renamed to a valid identifier.
hack\osgEarth-2.6\osgEarth\Containers(412) : Warning 503: Can't wrap 'operator []' unless renamed to a valid identifier.
hack\osgEarth-2.6\osgEarth\Containers(448) : Warning 503: Can't wrap 'operator ==' unless renamed to a valid identifier.
hack\osgEarth-2.6\osgEarth\Containers(449) : Warning 503: Can't wrap 'operator ==' unless renamed to a valid identifier.
hack\osgEarth-2.6\osgEarth\Containers(450) : Warning 503: Can't wrap 'operator ==' unless renamed to a valid identifier.
hack\osgEarth-2.6\osgEarth\Containers(452) : Warning 503: Can't wrap 'operator !=' unless renamed to a valid identifier.
hack\osgEarth-2.6\osgEarth\Containers(453) : Warning 503: Can't wrap 'operator !=' unless renamed to a valid identifier.
hack\osgEarth-2.6\osgEarth\Containers(454) : Warning 503: Can't wrap 'operator !=' unless renamed to a valid identifier.
hack\osgEarth-2.6\osgEarth\Containers(456) : Warning 503: Can't wrap 'operator <' unless renamed to a valid identifier.
hack\osgEarth-2.6\osgEarth\Containers(457) : Warning 503: Can't wrap 'operator <' unless renamed to a valid identifier.
hack\osgEarth-2.6\osgEarth\Containers(458) : Warning 503: Can't wrap 'operator <' unless renamed to a valid identifier.
hack\osgEarth-2.6\osgEarth\Containers(460) : Warning 503: Can't wrap 'operator >' unless renamed to a valid identifier.
hack\osgEarth-2.6\osgEarth\Containers(461) : Warning 503: Can't wrap 'operator >' unless renamed to a valid identifier.
hack\osgEarth-2.6\osgEarth\Containers(462) : Warning 503: Can't wrap 'operator >' unless renamed to a valid identifier.
hack\osgEarth-2.6\osgEarth\Containers(464) : Warning 503: Can't wrap 'operator <=' unless renamed to a valid identifier.
hack\osgEarth-2.6\osgEarth\Containers(465) : Warning 503: Can't wrap 'operator <=' unless renamed to a valid identifier.
hack\osgEarth-2.6\osgEarth\Containers(466) : Warning 503: Can't wrap 'operator <=' unless renamed to a valid identifier.
hack\osgEarth-2.6\osgEarth\Containers(468) : Warning 503: Can't wrap 'operator >=' unless renamed to a valid identifier.
hack\osgEarth-2.6\osgEarth\Containers(469) : Warning 503: Can't wrap 'operator >=' unless renamed to a valid identifier.
hack\osgEarth-2.6\osgEarth\Containers(470) : Warning 503: Can't wrap 'operator >=' unless renamed to a valid identifier.
C:\Librerias\Build\libs\osgearth-trunk\include\osgEarth\TileSource(238) : Warning 503: Can't wrap 'operator ==' unless renamed to a valid identifier.
C:\Librerias\Build\libs\osgearth-trunk\include\osgEarth\TileSource(239) : Warning 503: Can't wrap 'operator !=' unless renamed to a valid identifier.
C:\Librerias\Build\libs\osgearth-trunk\include\osgEarth\TileSource(248) : Warning 451: Setting a const char * variable may leak memory.
C:\Librerias\Build\libs\osgearth-trunk\include\osgEarth\TileSource(252) : Warning 503: Can't wrap 'operator ()' unless renamed to a valid identifier.
C:\Librerias\Build\libs\osgearth-trunk\include\osgEarth\TileSource(256) : Warning 503: Can't wrap 'operator ()' unless renamed to a valid identifier.
C:\Librerias\Build\libs\osgearth-trunk\include\osgEarth\SpatialReference(188) : Warning 503: Can't wrap 'operator <' unless renamed to a valid identifier.
C:\Librerias\Build\libs\osgearth-trunk\include\osgEarth\TileKey(73) : Warning 503: Can't wrap 'operator ==' unless renamed to a valid identifier.
C:\Librerias\Build\libs\osgearth-trunk\include\osgEarth\TileKey(78) : Warning 503: Can't wrap 'operator !=' unless renamed to a valid identifier.
C:\Librerias\Build\libs\osgearth-trunk\include\osgEarth\TileKey(87) : Warning 503: Can't wrap 'operator <' unless renamed to a valid identifier.
C:\Librerias\Build\libs\osgearth-trunk\include\osgEarth\Terrain(156) : Warning 833: Warning for osgEarth::Terrain proxy: Base osgEarth::TerrainResolver ignored. Multiple inheritance is not supported in C#.
C:\Librerias\Build\libs\osgearth-trunk\include\osgEarth\CachePolicy(115) : Warning 503: Can't wrap 'operator ==' unless renamed to a valid identifier.
C:\Librerias\Build\libs\osgearth-trunk\include\osgEarth\CachePolicy(119) : Warning 503: Can't wrap 'operator !=' unless renamed to a valid identifier.
C:\Librerias\Build\libs\osgearth-trunk\include\osgEarth\TerrainEngineNode(55) : Warning 503: Can't wrap 'operator ()' unless renamed to a valid identifier.
C:\Librerias\Build\libs\osgearth-trunk\include\osgEarth\TerrainEngineNode(105) : Warning 833: Warning for osgEarth::TerrainEngineNode proxy: Base osgEarth::TerrainEngine ignored. Multiple inheritance is not supported in C#.
C:\Librerias\Build\libs\osgearth-trunk\include\osgEarth\VirtualProgram(94) : Warning 503: Can't wrap 'operator ()' unless renamed to a valid identifier.
C:\Librerias\Build\libs\osgearth-trunk\include\osgEarth\VirtualProgram(360) : Warning 503: Can't wrap 'operator <' unless renamed to a valid identifier.
